<?xml version="1.0" encoding="UTF-8"?>
<testsuite name="TestExtensionFunctions" tests="2" skipped="0" failures="0" errors="0" timestamp="2021-10-26T19:06:07" hostname="DESKTOP-RRR3P3A" time="0.005">
  <properties/>
  <testcase name="testPairExtension" classname="TestExtensionFunctions" time="0.005"/>
  <testcase name="testIntExtension" classname="TestExtensionFunctions" time="0.0"/>
  <system-out><![CDATA[]]></system-out>
  <system-err><![CDATA[]]></system-err>
</testsuite>
