<?xml version="1.0" encoding="UTF-8"?>
<testsuite name="TestNamedArguments" tests="1" skipped="0" failures="0" errors="0" timestamp="2021-10-26T17:35:32" hostname="DESKTOP-RRR3P3A" time="0.025">
  <properties/>
  <testcase name="testJoinToString" classname="TestNamedArguments" time="0.025"/>
  <system-out><![CDATA[]]></system-out>
  <system-err><![CDATA[]]></system-err>
</testsuite>
