<?xml version="1.0" encoding="UTF-8"?>
<testsuite name="Test" tests="1" skipped="0" failures="0" errors="0" timestamp="2021-10-26T18:58:31" hostname="DESKTOP-RRR3P3A" time="0.031">
  <properties/>
  <testcase name="testRandom" classname="Test" time="0.031"/>
  <system-out><![CDATA[]]></system-out>
  <system-err><![CDATA[]]></system-err>
</testsuite>
