<?xml version="1.0" encoding="UTF-8"?>
<testsuite name="TestComparison" tests="3" skipped="0" failures="0" errors="0" timestamp="2021-10-26T19:27:22" hostname="DESKTOP-RRR3P3A" time="0.008">
  <properties/>
  <testcase name="testAfter" classname="TestComparison" time="0.007"/>
  <testcase name="testSame" classname="TestComparison" time="0.0"/>
  <testcase name="testBefore" classname="TestComparison" time="0.001"/>
  <system-out><![CDATA[]]></system-out>
  <system-err><![CDATA[]]></system-err>
</testsuite>
