<?xml version="1.0" encoding="UTF-8"?>
<testsuite name="TestForLoop" tests="2" skipped="0" failures="0" errors="0" timestamp="2021-10-26T19:59:13" hostname="DESKTOP-RRR3P3A" time="0.017">
  <properties/>
  <testcase name="testIterateOverDateRange" classname="TestForLoop" time="0.015"/>
  <testcase name="testIterateOverEmptyRange" classname="TestForLoop" time="0.001"/>
  <system-out><![CDATA[]]></system-out>
  <system-err><![CDATA[]]></system-err>
</testsuite>
